Removed Pin From Net: NetName=PC10 Pin=P1-1
Removed Pin From Net: NetName=PC11 Pin=P1-2
Removed Pin From Net: NetName=PC12 Pin=P1-3
Removed Pin From Net: NetName=MPU6050_SDA Pin=P1-4
Removed Pin From Net: NetName=VDD Pin=P1-5
Removed Pin From Net: NetName=E5V Pin=P1-6
Removed Pin From Net: NetName=BOOT0 Pin=P1-7
Removed Pin From Net: NetName=GND Pin=P1-8
Removed Pin From Net: NetName=+3V3 Pin=P1-12
Removed Pin From Net: NetName=PA13 Pin=P1-13
Removed Pin From Net: NetName=NRST Pin=P1-14
Removed Pin From Net: NetName=PA14 Pin=P1-15
Removed Pin From Net: NetName=+3V3 Pin=P1-16
Removed Pin From Net: NetName=PA15 Pin=P1-17
Removed Pin From Net: NetName=+5V Pin=P1-18
Removed Pin From Net: NetName=PB7 Pin=P1-21
Removed Pin From Net: NetName=GND Pin=P1-22
Removed Pin From Net: NetName=PC13 Pin=P1-23
Removed Pin From Net: NetName=VIN Pin=P1-24
Removed Pin From Net: NetName=PC14 Pin=P1-25
Removed Pin From Net: NetName=PC15 Pin=P1-27
Removed Pin From Net: NetName=PA0 Pin=P1-28
Removed Pin From Net: NetName=PH0 Pin=P1-29
Removed Pin From Net: NetName=PA1 Pin=P1-30
Removed Pin From Net: NetName=PH1 Pin=P1-31
Removed Pin From Net: NetName=PA4 Pin=P1-32
Removed Pin From Net: NetName=VBAT Pin=P1-33
Removed Pin From Net: NetName=PB0 Pin=P1-34
Removed Pin From Net: NetName=PC2 Pin=P1-35
Removed Pin From Net: NetName=PC1 Pin=P1-36
Removed Pin From Net: NetName=PC3 Pin=P1-37
Removed Pin From Net: NetName=PC0 Pin=P1-38
Removed Pin From Net: NetName=PC9 Pin=P2-1
Removed Pin From Net: NetName=HC-05_STATE Pin=P2-2
Removed Pin From Net: NetName=I2C1_SCL Pin=P2-3
Removed Pin From Net: NetName=HC-05_RX Pin=P2-4
Removed Pin From Net: NetName=I2C1_SDA Pin=P2-5
Removed Pin From Net: NetName=PC5 Pin=P2-6
Removed Pin From Net: NetName=AVDD Pin=P2-7
Removed Pin From Net: NetName=U5V Pin=P2-8
Removed Pin From Net: NetName=GND Pin=P2-9
Removed Pin From Net: NetName=PA5 Pin=P2-11
Removed Pin From Net: NetName=PA12 Pin=P2-12
Removed Pin From Net: NetName=PA6 Pin=P2-13
Removed Pin From Net: NetName=PA11 Pin=P2-14
Removed Pin From Net: NetName=PA7 Pin=P2-15
Removed Pin From Net: NetName=PB12 Pin=P2-16
Removed Pin From Net: NetName=PB6 Pin=P2-17
Removed Pin From Net: NetName=HC-05_TX Pin=P2-19
Removed Pin From Net: NetName=GND Pin=P2-20
Removed Pin From Net: NetName=PA9 Pin=P2-21
Removed Pin From Net: NetName=EC11_DT Pin=P2-22
Removed Pin From Net: NetName=PA8 Pin=P2-23
Removed Pin From Net: NetName=EC11_CLK Pin=P2-24
Removed Pin From Net: NetName=MPU6050_SCL Pin=P2-25
Removed Pin From Net: NetName=PB15 Pin=P2-26
Removed Pin From Net: NetName=MPU6050_INT Pin=P2-27
Removed Pin From Net: NetName=PB14 Pin=P2-28
Removed Pin From Net: NetName=PB5 Pin=P2-29
Removed Pin From Net: NetName=PB13 Pin=P2-30
Removed Pin From Net: NetName=PB3 Pin=P2-31
Removed Pin From Net: NetName=AGND Pin=P2-32
Removed Pin From Net: NetName=PA10 Pin=P2-33
Removed Pin From Net: NetName=PC4 Pin=P2-34
Removed Pin From Net: NetName=PA2 Pin=P2-35
Removed Pin From Net: NetName=PA3 Pin=P2-37
Added Pin To Net: NetName=PC11 Pin=P1-1
Added Pin To Net: NetName=PC10 Pin=P1-2
Added Pin To Net: NetName=MPU6050_SDA Pin=P1-3
Added Pin To Net: NetName=PC12 Pin=P1-4
Added Pin To Net: NetName=E5V Pin=P1-5
Added Pin To Net: NetName=VDD Pin=P1-6
Added Pin To Net: NetName=GND Pin=P1-7
Added Pin To Net: NetName=BOOT0 Pin=P1-8
Added Pin To Net: NetName=+3V3 Pin=P1-11
Added Pin To Net: NetName=NRST Pin=P1-13
Added Pin To Net: NetName=PA13 Pin=P1-14
Added Pin To Net: NetName=+3V3 Pin=P1-15
Added Pin To Net: NetName=PA14 Pin=P1-16
Added Pin To Net: NetName=+5V Pin=P1-17
Added Pin To Net: NetName=PA15 Pin=P1-18
Added Pin To Net: NetName=GND Pin=P1-21
Added Pin To Net: NetName=PB7 Pin=P1-22
Added Pin To Net: NetName=VIN Pin=P1-23
Added Pin To Net: NetName=PC13 Pin=P1-24
Added Pin To Net: NetName=PC14 Pin=P1-26
Added Pin To Net: NetName=PA0 Pin=P1-27
Added Pin To Net: NetName=PC15 Pin=P1-28
Added Pin To Net: NetName=PA1 Pin=P1-29
Added Pin To Net: NetName=PH0 Pin=P1-30
Added Pin To Net: NetName=PA4 Pin=P1-31
Added Pin To Net: NetName=PH1 Pin=P1-32
Added Pin To Net: NetName=PB0 Pin=P1-33
Added Pin To Net: NetName=VBAT Pin=P1-34
Added Pin To Net: NetName=PC1 Pin=P1-35
Added Pin To Net: NetName=PC2 Pin=P1-36
Added Pin To Net: NetName=PC0 Pin=P1-37
Added Pin To Net: NetName=PC3 Pin=P1-38
Added Pin To Net: NetName=HC-05_STATE Pin=P2-1
Added Pin To Net: NetName=PC9 Pin=P2-2
Added Pin To Net: NetName=HC-05_RX Pin=P2-3
Added Pin To Net: NetName=I2C1_SCL Pin=P2-4
Added Pin To Net: NetName=PC5 Pin=P2-5
Added Pin To Net: NetName=I2C1_SDA Pin=P2-6
Added Pin To Net: NetName=U5V Pin=P2-7
Added Pin To Net: NetName=AVDD Pin=P2-8
Added Pin To Net: NetName=GND Pin=P2-10
Added Pin To Net: NetName=PA12 Pin=P2-11
Added Pin To Net: NetName=PA5 Pin=P2-12
Added Pin To Net: NetName=PA11 Pin=P2-13
Added Pin To Net: NetName=PA6 Pin=P2-14
Added Pin To Net: NetName=PB12 Pin=P2-15
Added Pin To Net: NetName=PA7 Pin=P2-16
Added Pin To Net: NetName=PB6 Pin=P2-18
Added Pin To Net: NetName=GND Pin=P2-19
Added Pin To Net: NetName=HC-05_TX Pin=P2-20
Added Pin To Net: NetName=EC11_DT Pin=P2-21
Added Pin To Net: NetName=PA9 Pin=P2-22
Added Pin To Net: NetName=EC11_CLK Pin=P2-23
Added Pin To Net: NetName=PA8 Pin=P2-24
Added Pin To Net: NetName=PB15 Pin=P2-25
Added Pin To Net: NetName=MPU6050_SCL Pin=P2-26
Added Pin To Net: NetName=PB14 Pin=P2-27
Added Pin To Net: NetName=MPU6050_INT Pin=P2-28
Added Pin To Net: NetName=PB13 Pin=P2-29
Added Pin To Net: NetName=PB5 Pin=P2-30
Added Pin To Net: NetName=AGND Pin=P2-31
Added Pin To Net: NetName=PB3 Pin=P2-32
Added Pin To Net: NetName=PC4 Pin=P2-33
Added Pin To Net: NetName=PA10 Pin=P2-34
Added Pin To Net: NetName=PA2 Pin=P2-36
Added Pin To Net: NetName=PA3 Pin=P2-38
